--2022-03-07 18:30:32--  https://posaunenchor-eibach.jimdofree.com/
Auflösen des Hostnamens posaunenchor-eibach.jimdofree.com (posaunenchor-eibach.jimdofree.com) … 52.211.111.148, 34.247.109.169, 54.77.116.167, ...
Verbindungsaufbau zu posaunenchor-eibach.jimdofree.com (posaunenchor-eibach.jimdofree.com)|52.211.111.148|:443... verbunden.
HTTP-Anforderung gesendet, auf Antwort wird gewartet … 200 OK
Länge: nicht spezifiziert [text/html]
Wird in »../Domains/Domain_Mirror/eibach/posaunenchor-eibach.jimdofree.com/index.html« gespeichert.

     0K .......... .......... .......... ...                   6,76M=0,005s

»Last-modified«-Kopfzeile fehlt -- Zeitstempel abgeschaltet.
2022-03-07 18:30:33 (6,76 MB/s) - »»../Domains/Domain_Mirror/eibach/posaunenchor-eibach.jimdofree.com/index.html«« gespeichert [33878]

»robots.txt« wird geladen; bitte Fehler ignorieren.
--2022-03-07 18:30:33--  https://posaunenchor-eibach.jimdofree.com/robots.txt
Wiederverwendung der bestehenden Verbindung zu posaunenchor-eibach.jimdofree.com:443.
HTTP-Anforderung gesendet, auf Antwort wird gewartet … 200 OK
Länge: nicht spezifiziert [text/plain]
Wird in »../Domains/Domain_Mirror/eibach/posaunenchor-eibach.jimdofree.com/robots.txt« gespeichert.

     0K                                                        48,8M=0s

2022-03-07 18:30:33 (48,8 MB/s) - »»../Domains/Domain_Mirror/eibach/posaunenchor-eibach.jimdofree.com/robots.txt«« gespeichert [165]

--2022-03-07 18:30:33--  https://posaunenchor-eibach.jimdofree.com/serenade/
Wiederverwendung der bestehenden Verbindung zu posaunenchor-eibach.jimdofree.com:443.
HTTP-Anforderung gesendet, auf Antwort wird gewartet … 200 OK
Länge: nicht spezifiziert [text/html]
Wird in »../Domains/Domain_Mirror/eibach/posaunenchor-eibach.jimdofree.com/serenade/index.html« gespeichert.

     0K .......... .......... .......... .......... ......     1,34M=0,03s

»Last-modified«-Kopfzeile fehlt -- Zeitstempel abgeschaltet.
2022-03-07 18:30:33 (1,34 MB/s) - »»../Domains/Domain_Mirror/eibach/posaunenchor-eibach.jimdofree.com/serenade/index.html«« gespeichert [47606]

--2022-03-07 18:30:33--  https://posaunenchor-eibach.jimdofree.com/so-war-s-fr%C3%BCher/
Wiederverwendung der bestehenden Verbindung zu posaunenchor-eibach.jimdofree.com:443.
HTTP-Anforderung gesendet, auf Antwort wird gewartet … 200 OK
Länge: nicht spezifiziert [text/html]
Wird in »../Domains/Domain_Mirror/eibach/posaunenchor-eibach.jimdofree.com/so-war-s-früher/index.html« gespeichert.

     0K .......... .......... .......... .......... .......... 8,27M
    50K ......                                                  235M=0,006s

»Last-modified«-Kopfzeile fehlt -- Zeitstempel abgeschaltet.
2022-03-07 18:30:33 (9,29 MB/s) - »»../Domains/Domain_Mirror/eibach/posaunenchor-eibach.jimdofree.com/so-war-s-früher/index.html«« gespeichert [57774]

--2022-03-07 18:30:33--  https://posaunenchor-eibach.jimdofree.com/so-ist-s-heute/
Wiederverwendung der bestehenden Verbindung zu posaunenchor-eibach.jimdofree.com:443.
HTTP-Anforderung gesendet, auf Antwort wird gewartet … 200 OK
Länge: nicht spezifiziert [text/html]
Wird in »../Domains/Domain_Mirror/eibach/posaunenchor-eibach.jimdofree.com/so-ist-s-heute/index.html« gespeichert.

     0K .......... .......... .......... ..........            11,1M=0,004s

»Last-modified«-Kopfzeile fehlt -- Zeitstempel abgeschaltet.
2022-03-07 18:30:33 (11,1 MB/s) - »»../Domains/Domain_Mirror/eibach/posaunenchor-eibach.jimdofree.com/so-ist-s-heute/index.html«« gespeichert [41799]

--2022-03-07 18:30:33--  https://posaunenchor-eibach.jimdofree.com/weihnachtszeit/
Wiederverwendung der bestehenden Verbindung zu posaunenchor-eibach.jimdofree.com:443.
HTTP-Anforderung gesendet, auf Antwort wird gewartet … 200 OK
Länge: nicht spezifiziert [text/html]
Wird in »../Domains/Domain_Mirror/eibach/posaunenchor-eibach.jimdofree.com/weihnachtszeit/index.html« gespeichert.

     0K .......... .......... .......... .......... ..         9,48M=0,004s

»Last-modified«-Kopfzeile fehlt -- Zeitstempel abgeschaltet.
2022-03-07 18:30:33 (9,48 MB/s) - »»../Domains/Domain_Mirror/eibach/posaunenchor-eibach.jimdofree.com/weihnachtszeit/index.html«« gespeichert [44003]

--2022-03-07 18:30:33--  https://posaunenchor-eibach.jimdofree.com/wir-spielen-bei-allen-gelegenheiten/
Wiederverwendung der bestehenden Verbindung zu posaunenchor-eibach.jimdofree.com:443.
HTTP-Anforderung gesendet, auf Antwort wird gewartet … 200 OK
Länge: nicht spezifiziert [text/html]
Wird in »../Domains/Domain_Mirror/eibach/posaunenchor-eibach.jimdofree.com/wir-spielen-bei-allen-gelegenheiten/index.html« gespeichert.

     0K .......... .......... .......... .......... ....       12,0M=0,004s

»Last-modified«-Kopfzeile fehlt -- Zeitstempel abgeschaltet.
2022-03-07 18:30:33 (12,0 MB/s) - »»../Domains/Domain_Mirror/eibach/posaunenchor-eibach.jimdofree.com/wir-spielen-bei-allen-gelegenheiten/index.html«« gespeichert [45492]

--2022-03-07 18:30:33--  https://posaunenchor-eibach.jimdofree.com/aktuelle-termine/
Wiederverwendung der bestehenden Verbindung zu posaunenchor-eibach.jimdofree.com:443.
HTTP-Anforderung gesendet, auf Antwort wird gewartet … 200 OK
Länge: nicht spezifiziert [text/html]
Wird in »../Domains/Domain_Mirror/eibach/posaunenchor-eibach.jimdofree.com/aktuelle-termine/index.html« gespeichert.

     0K .......... .......... .......... .......... .......... 7,09M
    50K .......... .......... ..........                       7,57M=0,01s

»Last-modified«-Kopfzeile fehlt -- Zeitstempel abgeschaltet.
2022-03-07 18:30:33 (7,26 MB/s) - »»../Domains/Domain_Mirror/eibach/posaunenchor-eibach.jimdofree.com/aktuelle-termine/index.html«« gespeichert [82580]

--2022-03-07 18:30:33--  https://posaunenchor-eibach.jimdofree.com/kontakt/
Wiederverwendung der bestehenden Verbindung zu posaunenchor-eibach.jimdofree.com:443.
HTTP-Anforderung gesendet, auf Antwort wird gewartet … 200 OK
Länge: nicht spezifiziert [text/html]
Wird in »../Domains/Domain_Mirror/eibach/posaunenchor-eibach.jimdofree.com/kontakt/index.html« gespeichert.

     0K .......... .......... .......... ..                    12,1M=0,003s

»Last-modified«-Kopfzeile fehlt -- Zeitstempel abgeschaltet.
2022-03-07 18:30:34 (12,1 MB/s) - »»../Domains/Domain_Mirror/eibach/posaunenchor-eibach.jimdofree.com/kontakt/index.html«« gespeichert [32843]

--2022-03-07 18:30:34--  https://posaunenchor-eibach.jimdofree.com/impressum/
Wiederverwendung der bestehenden Verbindung zu posaunenchor-eibach.jimdofree.com:443.
HTTP-Anforderung gesendet, auf Antwort wird gewartet … 200 OK
Länge: nicht spezifiziert [text/html]
Wird in »../Domains/Domain_Mirror/eibach/posaunenchor-eibach.jimdofree.com/impressum/index.html« gespeichert.

     0K .......... .......... .......... .                     10,9M=0,003s

»Last-modified«-Kopfzeile fehlt -- Zeitstempel abgeschaltet.
2022-03-07 18:30:34 (10,9 MB/s) - »»../Domains/Domain_Mirror/eibach/posaunenchor-eibach.jimdofree.com/impressum/index.html«« gespeichert [32150]

--2022-03-07 18:30:34--  https://posaunenchor-eibach.jimdofree.com/about/
Wiederverwendung der bestehenden Verbindung zu posaunenchor-eibach.jimdofree.com:443.
HTTP-Anforderung gesendet, auf Antwort wird gewartet … 200 OK
Länge: nicht spezifiziert [text/html]
Wird in »../Domains/Domain_Mirror/eibach/posaunenchor-eibach.jimdofree.com/about/index.html« gespeichert.

     0K .......... .......... ......                           19,1M=0,001s

»Last-modified«-Kopfzeile fehlt -- Zeitstempel abgeschaltet.
2022-03-07 18:30:34 (19,1 MB/s) - »»../Domains/Domain_Mirror/eibach/posaunenchor-eibach.jimdofree.com/about/index.html«« gespeichert [27225]

--2022-03-07 18:30:34--  https://posaunenchor-eibach.jimdofree.com/sitemap/
Wiederverwendung der bestehenden Verbindung zu posaunenchor-eibach.jimdofree.com:443.
HTTP-Anforderung gesendet, auf Antwort wird gewartet … 200 OK
Länge: nicht spezifiziert [text/html]
Wird in »../Domains/Domain_Mirror/eibach/posaunenchor-eibach.jimdofree.com/sitemap/index.html« gespeichert.

     0K .......... .......... .......                          31,0M=0,001s

»Last-modified«-Kopfzeile fehlt -- Zeitstempel abgeschaltet.
2022-03-07 18:30:34 (31,0 MB/s) - »»../Domains/Domain_Mirror/eibach/posaunenchor-eibach.jimdofree.com/sitemap/index.html«« gespeichert [27939]

--2022-03-07 18:30:34--  https://posaunenchor-eibach.jimdofree.com/login
Wiederverwendung der bestehenden Verbindung zu posaunenchor-eibach.jimdofree.com:443.
HTTP-Anforderung gesendet, auf Antwort wird gewartet … 302 Found
Platz: https://cms.e.jimdo.com/app/oidc/authenticate?websiteId=se0d69a3dbd97e482 [folgend]
--2022-03-07 18:30:34--  https://cms.e.jimdo.com/app/oidc/authenticate?websiteId=se0d69a3dbd97e482
Auflösen des Hostnamens cms.e.jimdo.com (cms.e.jimdo.com) … 52.17.156.67, 52.209.41.20
Verbindungsaufbau zu cms.e.jimdo.com (cms.e.jimdo.com)|52.17.156.67|:443... verbunden.
HTTP-Anforderung gesendet, auf Antwort wird gewartet … 302 Found
Platz: https://account.e.jimdo.com/openid/authorize?response_type=code&redirect_uri=https%3A%2F%2Fcms.e.jimdo.com%2Fapp%2Foidc%2Fauthenticate%2Ffinish&client_id=cms&nonce=b00484c276decca24d1987a1f4c88226&state=eyJ3ZWJzaXRlSWQiOiJzZTBkNjlhM2RiZDk3ZTQ4MiIsImp1bXBUbyI6bnVsbCwic2FmZU1vZGUiOm51bGx9&scope=openid [folgend]
--2022-03-07 18:30:34--  https://account.e.jimdo.com/openid/authorize?response_type=code&redirect_uri=https%3A%2F%2Fcms.e.jimdo.com%2Fapp%2Foidc%2Fauthenticate%2Ffinish&client_id=cms&nonce=b00484c276decca24d1987a1f4c88226&state=eyJ3ZWJzaXRlSWQiOiJzZTBkNjlhM2RiZDk3ZTQ4MiIsImp1bXBUbyI6bnVsbCwic2FmZU1vZGUiOm51bGx9&scope=openid
Auflösen des Hostnamens account.e.jimdo.com (account.e.jimdo.com) … 54.73.4.183, 52.215.107.134
Verbindungsaufbau zu account.e.jimdo.com (account.e.jimdo.com)|54.73.4.183|:443... verbunden.
HTTP-Anforderung gesendet, auf Antwort wird gewartet … 302 Found
Platz: /en/login?next=/openid/authorize%3Fresponse_type%3Dcode%26redirect_uri%3Dhttps%253A%252F%252Fcms.e.jimdo.com%252Fapp%252Foidc%252Fauthenticate%252Ffinish%26client_id%3Dcms%26nonce%3Db00484c276decca24d1987a1f4c88226%26state%3DeyJ3ZWJzaXRlSWQiOiJzZTBkNjlhM2RiZDk3ZTQ4MiIsImp1bXBUbyI6bnVsbCwic2FmZU1vZGUiOm51bGx9%26scope%3Dopenid [folgend]
--2022-03-07 18:30:34--  https://account.e.jimdo.com/en/login?next=/openid/authorize%3Fresponse_type%3Dcode%26redirect_uri%3Dhttps%253A%252F%252Fcms.e.jimdo.com%252Fapp%252Foidc%252Fauthenticate%252Ffinish%26client_id%3Dcms%26nonce%3Db00484c276decca24d1987a1f4c88226%26state%3DeyJ3ZWJzaXRlSWQiOiJzZTBkNjlhM2RiZDk3ZTQ4MiIsImp1bXBUbyI6bnVsbCwic2FmZU1vZGUiOm51bGx9%26scope%3Dopenid
Wiederverwendung der bestehenden Verbindung zu account.e.jimdo.com:443.
HTTP-Anforderung gesendet, auf Antwort wird gewartet … 200 OK
Länge: 22279 (22K) [text/html]
Wird in »../Domains/Domain_Mirror/eibach/posaunenchor-eibach.jimdofree.com/login« gespeichert.

     0K .......... .......... .                               100% 26,6M=0,001s

»Last-modified«-Kopfzeile fehlt -- Zeitstempel abgeschaltet.
2022-03-07 18:30:34 (26,6 MB/s) - »../Domains/Domain_Mirror/eibach/posaunenchor-eibach.jimdofree.com/login« gespeichert [22279/22279]

BEENDET --2022-03-07 18:30:34--
Verstrichene Zeit: 2,1s
Geholt: 13 Dateien, 484K in 0,08s (6,26 MB/s)
--2022-03-07 18:30:34--  https://algebrass.de/
Auflösen des Hostnamens algebrass.de (algebrass.de) … 85.10.200.249
Verbindungsaufbau zu algebrass.de (algebrass.de)|85.10.200.249|:443... verbunden.
HTTP-Anforderung gesendet, auf Antwort wird gewartet … 200 OK
Länge: nicht spezifiziert [text/html]
Wird in »../Domains/Domain_Mirror/gebersdorf/algebrass.de/index.html« gespeichert.

     0K ......                                                  680M=0s

2022-03-07 18:30:35 (680 MB/s) - »»../Domains/Domain_Mirror/gebersdorf/algebrass.de/index.html«« gespeichert [6892]

»robots.txt« wird geladen; bitte Fehler ignorieren.
--2022-03-07 18:30:35--  https://algebrass.de/robots.txt
Wiederverwendung der bestehenden Verbindung zu algebrass.de:443.
HTTP-Anforderung gesendet, auf Antwort wird gewartet … 416 Requested Range Not Satisfiable

    Download der Datei schon vollständig; kein Download notwendig.

--2022-03-07 18:30:35--  https://algebrass.de/templates/protostar/favicon.ico
Wiederverwendung der bestehenden Verbindung zu algebrass.de:443.
HTTP-Anforderung gesendet, auf Antwort wird gewartet … 304 Not Modified
Datei »../Domains/Domain_Mirror/gebersdorf/algebrass.de/templates/protostar/favicon.ico« auf dem Server unverändert. Wird nicht heruntergeladen.

--2022-03-07 18:30:35--  https://algebrass.de/component/search/?id=3&Itemid=101&format=opensearch
Wiederverwendung der bestehenden Verbindung zu algebrass.de:443.
HTTP-Anforderung gesendet, auf Antwort wird gewartet … 200 OK
Länge: nicht spezifiziert [application/opensearchdescription+xml]
Wird in »../Domains/Domain_Mirror/gebersdorf/algebrass.de/component/search/index.html?id=3&Itemid=101&format=opensearch« gespeichert.

     0K                                                         227M=0s

2022-03-07 18:30:35 (227 MB/s) - »»../Domains/Domain_Mirror/gebersdorf/algebrass.de/component/search/index.html?id=3&Itemid=101&format=opensearch«« gespeichert [693]

--2022-03-07 18:30:35--  https://algebrass.de/templates/protostar/css/template.css?e78f7810cc75bda77c15f6a9f07bf7b5
Wiederverwendung der bestehenden Verbindung zu algebrass.de:443.
HTTP-Anforderung gesendet, auf Antwort wird gewartet … 304 Not Modified
Datei »../Domains/Domain_Mirror/gebersdorf/algebrass.de/templates/protostar/css/template.css?e78f7810cc75bda77c15f6a9f07bf7b5« auf dem Server unverändert. Wird nicht heruntergeladen.

--2022-03-07 18:30:35--  https://algebrass.de/media/jui/js/jquery.min.js?e78f7810cc75bda77c15f6a9f07bf7b5
Wiederverwendung der bestehenden Verbindung zu algebrass.de:443.
HTTP-Anforderung gesendet, auf Antwort wird gewartet … 304 Not Modified
Datei »../Domains/Domain_Mirror/gebersdorf/algebrass.de/media/jui/js/jquery.min.js?e78f7810cc75bda77c15f6a9f07bf7b5« auf dem Server unverändert. Wird nicht heruntergeladen.

--2022-03-07 18:30:35--  https://algebrass.de/media/jui/js/jquery-noconflict.js?e78f7810cc75bda77c15f6a9f07bf7b5
Wiederverwendung der bestehenden Verbindung zu algebrass.de:443.
HTTP-Anforderung gesendet, auf Antwort wird gewartet … 304 Not Modified
Datei »../Domains/Domain_Mirror/gebersdorf/algebrass.de/media/jui/js/jquery-noconflict.js?e78f7810cc75bda77c15f6a9f07bf7b5« auf dem Server unverändert. Wird nicht heruntergeladen.

--2022-03-07 18:30:35--  https://algebrass.de/media/jui/js/jquery-migrate.min.js?e78f7810cc75bda77c15f6a9f07bf7b5
Wiederverwendung der bestehenden Verbindung zu algebrass.de:443.
HTTP-Anforderung gesendet, auf Antwort wird gewartet … 304 Not Modified
Datei »../Domains/Domain_Mirror/gebersdorf/algebrass.de/media/jui/js/jquery-migrate.min.js?e78f7810cc75bda77c15f6a9f07bf7b5« auf dem Server unverändert. Wird nicht heruntergeladen.

--2022-03-07 18:30:35--  https://algebrass.de/media/system/js/caption.js?e78f7810cc75bda77c15f6a9f07bf7b5
Wiederverwendung der bestehenden Verbindung zu algebrass.de:443.
HTTP-Anforderung gesendet, auf Antwort wird gewartet … 304 Not Modified
Datei »../Domains/Domain_Mirror/gebersdorf/algebrass.de/media/system/js/caption.js?e78f7810cc75bda77c15f6a9f07bf7b5« auf dem Server unverändert. Wird nicht heruntergeladen.

--2022-03-07 18:30:35--  https://algebrass.de/media/jui/js/bootstrap.min.js?e78f7810cc75bda77c15f6a9f07bf7b5
Wiederverwendung der bestehenden Verbindung zu algebrass.de:443.
HTTP-Anforderung gesendet, auf Antwort wird gewartet … 304 Not Modified
Datei »../Domains/Domain_Mirror/gebersdorf/algebrass.de/media/jui/js/bootstrap.min.js?e78f7810cc75bda77c15f6a9f07bf7b5« auf dem Server unverändert. Wird nicht heruntergeladen.

--2022-03-07 18:30:35--  https://algebrass.de/templates/protostar/js/template.js?e78f7810cc75bda77c15f6a9f07bf7b5
Wiederverwendung der bestehenden Verbindung zu algebrass.de:443.
HTTP-Anforderung gesendet, auf Antwort wird gewartet … 304 Not Modified
Datei »../Domains/Domain_Mirror/gebersdorf/algebrass.de/templates/protostar/js/template.js?e78f7810cc75bda77c15f6a9f07bf7b5« auf dem Server unverändert. Wird nicht heruntergeladen.

--2022-03-07 18:30:35--  https://algebrass.de/neues-termine
Wiederverwendung der bestehenden Verbindung zu algebrass.de:443.
HTTP-Anforderung gesendet, auf Antwort wird gewartet … 200 OK
Länge: nicht spezifiziert [text/html]
Wird in »../Domains/Domain_Mirror/gebersdorf/algebrass.de/neues-termine« gespeichert.

     0K .......                                                41,8M=0s

2022-03-07 18:30:35 (41,8 MB/s) - »»../Domains/Domain_Mirror/gebersdorf/algebrass.de/neues-termine«« gespeichert [7896]

--2022-03-07 18:30:35--  https://algebrass.de/r%C3%BCckschau
Wiederverwendung der bestehenden Verbindung zu algebrass.de:443.
HTTP-Anforderung gesendet, auf Antwort wird gewartet … 200 OK
Länge: nicht spezifiziert [text/html]
../Domains/Domain_Mirror/gebersdorf/algebrass.de/rückschau: Ist ein Verzeichnis

Schreiben nach »../Domains/Domain_Mirror/gebersdorf/algebrass.de/rückschau« nicht möglich (Erfolg).
--2022-03-07 18:30:35--  https://algebrass.de/proben
Verbindungsaufbau zu algebrass.de (algebrass.de)|85.10.200.249|:443... verbunden.
HTTP-Anforderung gesendet, auf Antwort wird gewartet … 200 OK
Länge: nicht spezifiziert [text/html]
Wird in »../Domains/Domain_Mirror/gebersdorf/algebrass.de/proben« gespeichert.

     0K .....                                                  35,9M=0s

2022-03-07 18:30:35 (35,9 MB/s) - »»../Domains/Domain_Mirror/gebersdorf/algebrass.de/proben«« gespeichert [5678]

--2022-03-07 18:30:35--  https://algebrass.de/links
Wiederverwendung der bestehenden Verbindung zu algebrass.de:443.
HTTP-Anforderung gesendet, auf Antwort wird gewartet … 200 OK
Länge: nicht spezifiziert [text/html]
Wird in »../Domains/Domain_Mirror/gebersdorf/algebrass.de/links« gespeichert.

     0K ......                                                 66,8M=0s

2022-03-07 18:30:35 (66,8 MB/s) - »»../Domains/Domain_Mirror/gebersdorf/algebrass.de/links«« gespeichert [6690]

--2022-03-07 18:30:35--  https://algebrass.de/kontakt
Wiederverwendung der bestehenden Verbindung zu algebrass.de:443.
HTTP-Anforderung gesendet, auf Antwort wird gewartet … 200 OK
Länge: nicht spezifiziert [text/html]
Wird in »../Domains/Domain_Mirror/gebersdorf/algebrass.de/kontakt« gespeichert.

     0K .....                                                  50,4M=0s

2022-03-07 18:30:36 (50,4 MB/s) - »»../Domains/Domain_Mirror/gebersdorf/algebrass.de/kontakt«« gespeichert [5694]

--2022-03-07 18:30:36--  https://algebrass.de/impressum
Wiederverwendung der bestehenden Verbindung zu algebrass.de:443.
HTTP-Anforderung gesendet, auf Antwort wird gewartet … 200 OK
Länge: nicht spezifiziert [text/html]
Wird in »../Domains/Domain_Mirror/gebersdorf/algebrass.de/impressum« gespeichert.

     0K .........                                              87,4M=0s

2022-03-07 18:30:36 (87,4 MB/s) - »»../Domains/Domain_Mirror/gebersdorf/algebrass.de/impressum«« gespeichert [9913]

--2022-03-07 18:30:36--  https://algebrass.de/media/jui/fonts/IcoMoon.eot
Wiederverwendung der bestehenden Verbindung zu algebrass.de:443.
HTTP-Anforderung gesendet, auf Antwort wird gewartet … 304 Not Modified
Datei »../Domains/Domain_Mirror/gebersdorf/algebrass.de/media/jui/fonts/IcoMoon.eot« auf dem Server unverändert. Wird nicht heruntergeladen.

--2022-03-07 18:30:36--  https://algebrass.de/media/jui/fonts/IcoMoon.eot?
Wiederverwendung der bestehenden Verbindung zu algebrass.de:443.
HTTP-Anforderung gesendet, auf Antwort wird gewartet … 304 Not Modified
Datei »../Domains/Domain_Mirror/gebersdorf/algebrass.de/media/jui/fonts/IcoMoon.eot?« auf dem Server unverändert. Wird nicht heruntergeladen.

--2022-03-07 18:30:36--  https://algebrass.de/media/jui/fonts/IcoMoon.woff
Wiederverwendung der bestehenden Verbindung zu algebrass.de:443.
HTTP-Anforderung gesendet, auf Antwort wird gewartet … 304 Not Modified
Datei »../Domains/Domain_Mirror/gebersdorf/algebrass.de/media/jui/fonts/IcoMoon.woff« auf dem Server unverändert. Wird nicht heruntergeladen.

--2022-03-07 18:30:36--  https://algebrass.de/media/jui/fonts/IcoMoon.ttf
Wiederverwendung der bestehenden Verbindung zu algebrass.de:443.
HTTP-Anforderung gesendet, auf Antwort wird gewartet … 304 Not Modified
Datei »../Domains/Domain_Mirror/gebersdorf/algebrass.de/media/jui/fonts/IcoMoon.ttf« auf dem Server unverändert. Wird nicht heruntergeladen.

--2022-03-07 18:30:36--  https://algebrass.de/media/jui/fonts/IcoMoon.svg
Wiederverwendung der bestehenden Verbindung zu algebrass.de:443.
HTTP-Anforderung gesendet, auf Antwort wird gewartet … 304 Not Modified
Datei »../Domains/Domain_Mirror/gebersdorf/algebrass.de/media/jui/fonts/IcoMoon.svg« auf dem Server unverändert. Wird nicht heruntergeladen.

--2022-03-07 18:30:36--  https://algebrass.de/neues-termine?format=feed&type=rss
Wiederverwendung der bestehenden Verbindung zu algebrass.de:443.
HTTP-Anforderung gesendet, auf Antwort wird gewartet … 200 OK
Länge: nicht spezifiziert [application/rss+xml]
Wird in »../Domains/Domain_Mirror/gebersdorf/algebrass.de/neues-termine?format=feed&type=rss« gespeichert.

     0K ..                                                      672M=0s

2022-03-07 18:30:36 (672 MB/s) - »»../Domains/Domain_Mirror/gebersdorf/algebrass.de/neues-termine?format=feed&type=rss«« gespeichert [2882]

--2022-03-07 18:30:36--  https://algebrass.de/neues-termine?format=feed&type=atom
Wiederverwendung der bestehenden Verbindung zu algebrass.de:443.
HTTP-Anforderung gesendet, auf Antwort wird gewartet … 200 OK
Länge: nicht spezifiziert [application/atom+xml]
Wird in »../Domains/Domain_Mirror/gebersdorf/algebrass.de/neues-termine?format=feed&type=atom« gespeichert.

     0K ....                                                   31,5M=0s

2022-03-07 18:30:36 (31,5 MB/s) - »»../Domains/Domain_Mirror/gebersdorf/algebrass.de/neues-termine?format=feed&type=atom«« gespeichert [5014]

--2022-03-07 18:30:36--  https://algebrass.de/component/search/?Itemid=104&format=opensearch
Wiederverwendung der bestehenden Verbindung zu algebrass.de:443.
HTTP-Anforderung gesendet, auf Antwort wird gewartet … 200 OK
Länge: nicht spezifiziert [application/opensearchdescription+xml]
Wird in »../Domains/Domain_Mirror/gebersdorf/algebrass.de/component/search/index.html?Itemid=104&format=opensearch« gespeichert.

     0K                                                         278M=0s

2022-03-07 18:30:36 (278 MB/s) - »»../Domains/Domain_Mirror/gebersdorf/algebrass.de/component/search/index.html?Itemid=104&format=opensearch«« gespeichert [684]

--2022-03-07 18:30:36--  https://algebrass.de/neues-termine/9-neues-termine/70-neuer-chorleiter
Wiederverwendung der bestehenden Verbindung zu algebrass.de:443.
HTTP-Anforderung gesendet, auf Antwort wird gewartet … 200 OK
Länge: nicht spezifiziert [text/html]
../Domains/Domain_Mirror/gebersdorf/algebrass.de/neues-termine/9-neues-termine: Ist kein Verzeichnis
../Domains/Domain_Mirror/gebersdorf/algebrass.de/neues-termine/9-neues-termine/70-neuer-chorleiter: Ist kein Verzeichnis

Schreiben nach »../Domains/Domain_Mirror/gebersdorf/algebrass.de/neues-termine/9-neues-termine/70-neuer-chorleiter« nicht möglich (Erfolg).
--2022-03-07 18:30:36--  https://algebrass.de/neues-termine/9-neues-termine/72-endlich-wieder-ein-gemeindefest-in-gebersdorf-2
Verbindungsaufbau zu algebrass.de (algebrass.de)|85.10.200.249|:443... verbunden.
HTTP-Anforderung gesendet, auf Antwort wird gewartet … 200 OK
Länge: nicht spezifiziert [text/html]
../Domains/Domain_Mirror/gebersdorf/algebrass.de/neues-termine/9-neues-termine: Ist kein Verzeichnis
../Domains/Domain_Mirror/gebersdorf/algebrass.de/neues-termine/9-neues-termine/72-endlich-wieder-ein-gemeindefest-in-gebersdorf-2: Ist kein Verzeichnis

Schreiben nach »../Domains/Domain_Mirror/gebersdorf/algebrass.de/neues-termine/9-neues-termine/72-endlich-wieder-ein-gemeindefest-in-gebersdorf-2« nicht möglich (Erfolg).
--2022-03-07 18:30:37--  https://algebrass.de/component/search/?Itemid=108&format=opensearch
Verbindungsaufbau zu algebrass.de (algebrass.de)|85.10.200.249|:443... verbunden.
HTTP-Anforderung gesendet, auf Antwort wird gewartet … 200 OK
Länge: nicht spezifiziert [application/opensearchdescription+xml]
Wird in »../Domains/Domain_Mirror/gebersdorf/algebrass.de/component/search/index.html?Itemid=108&format=opensearch« gespeichert.

     0K                                                         190M=0s

2022-03-07 18:30:37 (190 MB/s) - »»../Domains/Domain_Mirror/gebersdorf/algebrass.de/component/search/index.html?Itemid=108&format=opensearch«« gespeichert [684]

--2022-03-07 18:30:37--  https://algebrass.de/component/search/?Itemid=106&format=opensearch
Wiederverwendung der bestehenden Verbindung zu algebrass.de:443.
HTTP-Anforderung gesendet, auf Antwort wird gewartet … 200 OK
Länge: nicht spezifiziert [application/opensearchdescription+xml]
Wird in »../Domains/Domain_Mirror/gebersdorf/algebrass.de/component/search/index.html?Itemid=106&format=opensearch« gespeichert.

     0K                                                         241M=0s

2022-03-07 18:30:37 (241 MB/s) - »»../Domains/Domain_Mirror/gebersdorf/algebrass.de/component/search/index.html?Itemid=106&format=opensearch«« gespeichert [684]

--2022-03-07 18:30:37--  https://algebrass.de/component/search/?Itemid=107&format=opensearch
Wiederverwendung der bestehenden Verbindung zu algebrass.de:443.
HTTP-Anforderung gesendet, auf Antwort wird gewartet … 200 OK
Länge: nicht spezifiziert [application/opensearchdescription+xml]
Wird in »../Domains/Domain_Mirror/gebersdorf/algebrass.de/component/search/index.html?Itemid=107&format=opensearch« gespeichert.

     0K                                                         263M=0s

2022-03-07 18:30:37 (263 MB/s) - »»../Domains/Domain_Mirror/gebersdorf/algebrass.de/component/search/index.html?Itemid=107&format=opensearch«« gespeichert [684]

--2022-03-07 18:30:37--  https://algebrass.de/component/search/?Itemid=109&format=opensearch
Wiederverwendung der bestehenden Verbindung zu algebrass.de:443.
HTTP-Anforderung gesendet, auf Antwort wird gewartet … 200 OK
Länge: nicht spezifiziert [application/opensearchdescription+xml]
Wird in »../Domains/Domain_Mirror/gebersdorf/algebrass.de/component/search/index.html?Itemid=109&format=opensearch« gespeichert.

     0K                                                         256M=0s

2022-03-07 18:30:37 (256 MB/s) - »»../Domains/Domain_Mirror/gebersdorf/algebrass.de/component/search/index.html?Itemid=109&format=opensearch«« gespeichert [684]

BEENDET --2022-03-07 18:30:37--
Verstrichene Zeit: 2,5s
Geholt: 14 Dateien, 53K in 0,001s (63,4 MB/s)
--2022-03-07 18:30:37--  https://www.cvjm-nuernberg-gostenhof.de/website/de/v/gostenhof/posaunenchor
Auflösen des Hostnamens www.cvjm-nuernberg-gostenhof.de (www.cvjm-nuernberg-gostenhof.de) … 46.4.56.54
Verbindungsaufbau zu www.cvjm-nuernberg-gostenhof.de (www.cvjm-nuernberg-gostenhof.de)|46.4.56.54|:443... verbunden.
HTTP-Anforderung gesendet, auf Antwort wird gewartet … 200 200
Länge: nicht spezifiziert [text/html]
../Domains/Domain_Mirror/gostenhof/www.cvjm-nuernberg-gostenhof.de/website/de/v/gostenhof/posaunenchor: Ist ein Verzeichnis

Schreiben nach »../Domains/Domain_Mirror/gostenhof/www.cvjm-nuernberg-gostenhof.de/website/de/v/gostenhof/posaunenchor« nicht möglich (Erfolg).
--2022-03-07 18:30:37--  http://www.maxfeld-evangelisch.de/kirchenmusik.html
Auflösen des Hostnamens www.maxfeld-evangelisch.de (www.maxfeld-evangelisch.de) … 5.35.226.19, 2a01:488:42:1000:50ed:8513:51:688e
Verbindungsaufbau zu www.maxfeld-evangelisch.de (www.maxfeld-evangelisch.de)|5.35.226.19|:80... verbunden.
HTTP-Anforderung gesendet, auf Antwort wird gewartet … 304 Not Modified
Datei »../Domains/Domain_Mirror/maxfeld/www.maxfeld-evangelisch.de/kirchenmusik.html« auf dem Server unverändert. Wird nicht heruntergeladen.

